<?xml version="1.0" encoding="utf-8"?><testsuites name="pytest tests"><testsuite name="pytest" errors="0" failures="0" skipped="0" tests="19" time="5.594" timestamp="2026-05-04T01:14:06.113297+00:00" hostname="agent-env-898fc498-847e-481b-8527-f88cb49d9f82"><testcase classname="backend.tests.backend_test" name="test_root" time="0.180" /><testcase classname="backend.tests.backend_test" name="test_list_gates" time="0.051" /><testcase classname="backend.tests.backend_test" name="test_nearest_gate" time="0.284" /><testcase classname="backend.tests.backend_test" name="test_nearest_gate_invalid" time="0.050" /><testcase classname="backend.tests.backend_test" name="test_chat_reply" time="1.718" /><testcase classname="backend.tests.backend_test" name="test_chat_history_no_objectid" time="0.054" /><testcase classname="backend.tests.backend_test" name="test_progress_upsert_and_get" time="0.116" /><testcase classname="backend.tests.backend_test" name="test_group_create_join_checkin_get" time="0.211" /><testcase classname="backend.tests.backend_test" name="test_group_join_unknown" time="0.047" /><testcase classname="backend.tests.backend_test" name="test_sadaqah_checkout_small" time="0.518" /><testcase classname="backend.tests.backend_test" name="test_sadaqah_checkout_medium" time="0.437" /><testcase classname="backend.tests.backend_test" name="test_sadaqah_checkout_large" time="0.438" /><testcase classname="backend.tests.backend_test" name="test_sadaqah_checkout_custom_valid" time="0.405" /><testcase classname="backend.tests.backend_test" name="test_sadaqah_checkout_custom_below_min_rejected" time="0.052" /><testcase classname="backend.tests.backend_test" name="test_sadaqah_checkout_custom_above_max_rejected" time="0.047" /><testcase classname="backend.tests.backend_test" name="test_sadaqah_checkout_unknown_package_rejected" time="0.062" /><testcase classname="backend.tests.backend_test" name="test_sadaqah_checkout_custom_missing_amount_rejected" time="0.051" /><testcase classname="backend.tests.backend_test" name="test_sadaqah_status" time="0.224" /><testcase classname="backend.tests.backend_test" name="test_sadaqah_db_row_created" time="0.552" /></testsuite></testsuites>