<?xml version="1.0" encoding="utf-8"?><testsuites name="pytest tests"><testsuite name="pytest" errors="0" failures="0" skipped="0" tests="8" time="26.069" timestamp="2026-04-25T17:20:58.198778+00:00" hostname="agent-env-898fc498-847e-481b-8527-f88cb49d9f82"><testcase classname="backend.tests.backend_test" name="test_root_ok" time="0.227" /><testcase classname="backend.tests.backend_test" name="test_gates_list" time="0.171" /><testcase classname="backend.tests.backend_test" name="test_gates_nearest" time="0.166" /><testcase classname="backend.tests.backend_test" name="test_chat_en" time="10.062" /><testcase classname="backend.tests.backend_test" name="test_chat_ar" time="13.581" /><testcase classname="backend.tests.backend_test" name="test_chat_history_persisted" time="1.132" /><testcase classname="backend.tests.backend_test" name="test_progress_upsert_and_get" time="0.454" /><testcase classname="backend.tests.backend_test" name="test_progress_default_for_new_user" time="0.141" /></testsuite></testsuites>