<?xml version="1.0" encoding="utf-8"?><testsuites name="pytest tests"><testsuite name="pytest" errors="0" failures="0" skipped="0" tests="9" time="4.437" timestamp="2026-04-25T22:05:32.546699+00:00" hostname="agent-env-898fc498-847e-481b-8527-f88cb49d9f82"><testcase classname="backend.tests.backend_test" name="test_root" time="0.232" /><testcase classname="backend.tests.backend_test" name="test_list_gates" time="0.047" /><testcase classname="backend.tests.backend_test" name="test_nearest_gate" time="0.094" /><testcase classname="backend.tests.backend_test" name="test_nearest_gate_invalid" time="0.046" /><testcase classname="backend.tests.backend_test" name="test_chat_reply" time="3.427" /><testcase classname="backend.tests.backend_test" name="test_chat_history_no_objectid" time="0.058" /><testcase classname="backend.tests.backend_test" name="test_progress_upsert_and_get" time="0.102" /><testcase classname="backend.tests.backend_test" name="test_group_create_join_checkin_get" time="0.221" /><testcase classname="backend.tests.backend_test" name="test_group_join_unknown" time="0.046" /></testsuite></testsuites>